<?xml version="1.0" encoding="UTF-8"?>
<testsuite xmlns:xsi="http://www.w3.org/2001/XMLSchema-instance" xsi:noNamespaceSchemaLocation="https://maven.apache.org/surefire/maven-surefire-plugin/xsd/surefire-test-report.xsd" name="com.uwefuchs.demo.spring.security.tutorialspoint.formlogin.FormloginApplicationTests" time="3.874" tests="1" errors="0" skipped="0" failures="0">
  <properties>
    <property name="java.specification.version" value="17"/>
    <property name="sun.jnu.encoding" value="UTF-8"/>
    <property name="java.class.path" value="/media/uwe/Daten/Development/Tutorials/Spring/SpringSecurity/spring-security-tutorialspoint/project/target/test-classes:/media/uwe/Daten/Development/Tutorials/Spring/SpringSecurity/spring-security-tutorialspoint/project/target/classes:/media/uwe/Daten/db/MVN_Repo/org/springframework/boot/spring-boot-starter-data-jpa/2.7.5/spring-boot-starter-data-jpa-2.7.5.jar:/media/uwe/Daten/db/MVN_Repo/org/springframework/boot/spring-boot-starter-aop/2.7.5/spring-boot-starter-aop-2.7.5.jar:/media/uwe/Daten/db/MVN_Repo/org/aspectj/aspectjweaver/1.9.7/aspectjweaver-1.9.7.jar:/media/uwe/Daten/db/MVN_Repo/org/springframework/boot/spring-boot-starter-jdbc/2.7.5/spring-boot-starter-jdbc-2.7.5.jar:/media/uwe/Daten/db/MVN_Repo/com/zaxxer/HikariCP/4.0.3/HikariCP-4.0.3.jar:/media/uwe/Daten/db/MVN_Repo/org/springframework/spring-jdbc/5.3.23/spring-jdbc-5.3.23.jar:/media/uwe/Daten/db/MVN_Repo/jakarta/transaction/jakarta.transaction-api/1.3.3/jakarta.transaction-api-1.3.3.jar:/media/uwe/Daten/db/MVN_Repo/jakarta/persistence/jakarta.persistence-api/2.2.3/jakarta.persistence-api-2.2.3.jar:/media/uwe/Daten/db/MVN_Repo/org/hibernate/hibernate-core/5.6.12.Final/hibernate-core-5.6.12.Final.jar:/media/uwe/Daten/db/MVN_Repo/org/jboss/logging/jboss-logging/3.4.3.Final/jboss-logging-3.4.3.Final.jar:/media/uwe/Daten/db/MVN_Repo/net/bytebuddy/byte-buddy/1.12.18/byte-buddy-1.12.18.jar:/media/uwe/Daten/db/MVN_Repo/antlr/antlr/2.7.7/antlr-2.7.7.jar:/media/uwe/Daten/db/MVN_Repo/org/jboss/jandex/2.4.2.Final/jandex-2.4.2.Final.jar:/media/uwe/Daten/db/MVN_Repo/com/fasterxml/classmate/1.5.1/classmate-1.5.1.jar:/media/uwe/Daten/db/MVN_Repo/org/hibernate/common/hibernate-commons-annotations/5.1.2.Final/hibernate-commons-annotations-5.1.2.Final.jar:/media/uwe/Daten/db/MVN_Repo/org/glassfish/jaxb/jaxb-runtime/2.3.7/jaxb-runtime-2.3.7.jar:/media/uwe/Daten/db/MVN_Repo/org/glassfish/jaxb/txw2/2.3.7/txw2-2.3.7.jar:/media/uwe/Daten/db/MVN_Repo/com/sun/istack/istack-commons-runtime/3.0.12/istack-commons-runtime-3.0.12.jar:/media/uwe/Daten/db/MVN_Repo/com/sun/activation/jakarta.activation/1.2.2/jakarta.activation-1.2.2.jar:/media/uwe/Daten/db/MVN_Repo/org/springframework/data/spring-data-jpa/2.7.5/spring-data-jpa-2.7.5.jar:/media/uwe/Daten/db/MVN_Repo/org/springframework/data/spring-data-commons/2.7.5/spring-data-commons-2.7.5.jar:/media/uwe/Daten/db/MVN_Repo/org/springframework/spring-orm/5.3.23/spring-orm-5.3.23.jar:/media/uwe/Daten/db/MVN_Repo/org/springframework/spring-context/5.3.23/spring-context-5.3.23.jar:/media/uwe/Daten/db/MVN_Repo/org/springframework/spring-tx/5.3.23/spring-tx-5.3.23.jar:/media/uwe/Daten/db/MVN_Repo/org/springframework/spring-beans/5.3.23/spring-beans-5.3.23.jar:/media/uwe/Daten/db/MVN_Repo/org/springframework/spring-aspects/5.3.23/spring-aspects-5.3.23.jar:/media/uwe/Daten/db/MVN_Repo/org/springframework/boot/spring-boot-starter-security/2.7.5/spring-boot-starter-security-2.7.5.jar:/media/uwe/Daten/db/MVN_Repo/org/springframework/boot/spring-boot-starter/2.7.5/spring-boot-starter-2.7.5.jar:/media/uwe/Daten/db/MVN_Repo/org/springframework/boot/spring-boot/2.7.5/spring-boot-2.7.5.jar:/media/uwe/Daten/db/MVN_Repo/org/springframework/boot/spring-boot-autoconfigure/2.7.5/spring-boot-autoconfigure-2.7.5.jar:/media/uwe/Daten/db/MVN_Repo/org/springframework/boot/spring-boot-starter-logging/2.7.5/spring-boot-starter-logging-2.7.5.jar:/media/uwe/Daten/db/MVN_Repo/ch/qos/logback/logback-classic/1.2.11/logback-classic-1.2.11.jar:/media/uwe/Daten/db/MVN_Repo/ch/qos/logback/logback-core/1.2.11/logback-core-1.2.11.jar:/media/uwe/Daten/db/MVN_Repo/org/apache/logging/log4j/log4j-to-slf4j/2.17.2/log4j-to-slf4j-2.17.2.jar:/media/uwe/Daten/db/MVN_Repo/org/apache/logging/log4j/log4j-api/2.17.2/log4j-api-2.17.2.jar:/media/uwe/Daten/db/MVN_Repo/org/slf4j/jul-to-slf4j/1.7.36/jul-to-slf4j-1.7.36.jar:/media/uwe/Daten/db/MVN_Repo/jakarta/annotation/jakarta.annotation-api/1.3.5/jakarta.annotation-api-1.3.5.jar:/media/uwe/Daten/db/MVN_Repo/org/yaml/snakeyaml/1.30/snakeyaml-1.30.jar:/media/uwe/Daten/db/MVN_Repo/org/springframework/spring-aop/5.3.23/spring-aop-5.3.23.jar:/media/uwe/Daten/db/MVN_Repo/org/springframework/security/spring-security-config/5.7.4/spring-security-config-5.7.4.jar:/media/uwe/Daten/db/MVN_Repo/org/springframework/security/spring-security-web/5.7.4/spring-security-web-5.7.4.jar:/media/uwe/Daten/db/MVN_Repo/org/springframework/spring-expression/5.3.23/spring-expression-5.3.23.jar:/media/uwe/Daten/db/MVN_Repo/org/springframework/boot/spring-boot-starter-thymeleaf/2.7.5/spring-boot-starter-thymeleaf-2.7.5.jar:/media/uwe/Daten/db/MVN_Repo/org/thymeleaf/thymeleaf-spring5/3.0.15.RELEASE/thymeleaf-spring5-3.0.15.RELEASE.jar:/media/uwe/Daten/db/MVN_Repo/org/thymeleaf/thymeleaf/3.0.15.RELEASE/thymeleaf-3.0.15.RELEASE.jar:/media/uwe/Daten/db/MVN_Repo/org/attoparser/attoparser/2.0.5.RELEASE/attoparser-2.0.5.RELEASE.jar:/media/uwe/Daten/db/MVN_Repo/org/unbescape/unbescape/1.1.6.RELEASE/unbescape-1.1.6.RELEASE.jar:/media/uwe/Daten/db/MVN_Repo/org/thymeleaf/extras/thymeleaf-extras-java8time/3.0.4.RELEASE/thymeleaf-extras-java8time-3.0.4.RELEASE.jar:/media/uwe/Daten/db/MVN_Repo/org/springframework/boot/spring-boot-starter-web/2.7.5/spring-boot-starter-web-2.7.5.jar:/media/uwe/Daten/db/MVN_Repo/org/springframework/boot/spring-boot-starter-json/2.7.5/spring-boot-starter-json-2.7.5.jar:/media/uwe/Daten/db/MVN_Repo/com/fasterxml/jackson/core/jackson-databind/2.13.4.2/jackson-databind-2.13.4.2.jar:/media/uwe/Daten/db/MVN_Repo/com/fasterxml/jackson/core/jackson-annotations/2.13.4/jackson-annotations-2.13.4.jar:/media/uwe/Daten/db/MVN_Repo/com/fasterxml/jackson/core/jackson-core/2.13.4/jackson-core-2.13.4.jar:/media/uwe/Daten/db/MVN_Repo/com/fasterxml/jackson/datatype/jackson-datatype-jdk8/2.13.4/jackson-datatype-jdk8-2.13.4.jar:/media/uwe/Daten/db/MVN_Repo/com/fasterxml/jackson/datatype/jackson-datatype-jsr310/2.13.4/jackson-datatype-jsr310-2.13.4.jar:/media/uwe/Daten/db/MVN_Repo/com/fasterxml/jackson/module/jackson-module-parameter-names/2.13.4/jackson-module-parameter-names-2.13.4.jar:/media/uwe/Daten/db/MVN_Repo/org/springframework/boot/spring-boot-starter-tomcat/2.7.5/spring-boot-starter-tomcat-2.7.5.jar:/media/uwe/Daten/db/MVN_Repo/org/apache/tomcat/embed/tomcat-embed-core/9.0.68/tomcat-embed-core-9.0.68.jar:/media/uwe/Daten/db/MVN_Repo/org/apache/tomcat/embed/tomcat-embed-el/9.0.68/tomcat-embed-el-9.0.68.jar:/media/uwe/Daten/db/MVN_Repo/org/apache/tomcat/embed/tomcat-embed-websocket/9.0.68/tomcat-embed-websocket-9.0.68.jar:/media/uwe/Daten/db/MVN_Repo/org/springframework/spring-web/5.3.23/spring-web-5.3.23.jar:/media/uwe/Daten/db/MVN_Repo/org/springframework/spring-webmvc/5.3.23/spring-webmvc-5.3.23.jar:/media/uwe/Daten/db/MVN_Repo/org/thymeleaf/extras/thymeleaf-extras-springsecurity5/3.0.4.RELEASE/thymeleaf-extras-springsecurity5-3.0.4.RELEASE.jar:/media/uwe/Daten/db/MVN_Repo/org/slf4j/slf4j-api/1.7.36/slf4j-api-1.7.36.jar:/media/uwe/Daten/db/MVN_Repo/com/mysql/mysql-connector-j/8.0.31/mysql-connector-j-8.0.31.jar:/media/uwe/Daten/db/MVN_Repo/org/springframework/boot/spring-boot-starter-test/2.7.5/spring-boot-starter-test-2.7.5.jar:/media/uwe/Daten/db/MVN_Repo/org/springframework/boot/spring-boot-test/2.7.5/spring-boot-test-2.7.5.jar:/media/uwe/Daten/db/MVN_Repo/org/springframework/boot/spring-boot-test-autoconfigure/2.7.5/spring-boot-test-autoconfigure-2.7.5.jar:/media/uwe/Daten/db/MVN_Repo/com/jayway/jsonpath/json-path/2.7.0/json-path-2.7.0.jar:/media/uwe/Daten/db/MVN_Repo/net/minidev/json-smart/2.4.8/json-smart-2.4.8.jar:/media/uwe/Daten/db/MVN_Repo/net/minidev/accessors-smart/2.4.8/accessors-smart-2.4.8.jar:/media/uwe/Daten/db/MVN_Repo/org/ow2/asm/asm/9.1/asm-9.1.jar:/media/uwe/Daten/db/MVN_Repo/jakarta/xml/bind/jakarta.xml.bind-api/2.3.3/jakarta.xml.bind-api-2.3.3.jar:/media/uwe/Daten/db/MVN_Repo/jakarta/activation/jakarta.activation-api/1.2.2/jakarta.activation-api-1.2.2.jar:/media/uwe/Daten/db/MVN_Repo/org/assertj/assertj-core/3.22.0/assertj-core-3.22.0.jar:/media/uwe/Daten/db/MVN_Repo/org/hamcrest/hamcrest/2.2/hamcrest-2.2.jar:/media/uwe/Daten/db/MVN_Repo/org/junit/jupiter/junit-jupiter/5.8.2/junit-jupiter-5.8.2.jar:/media/uwe/Daten/db/MVN_Repo/org/junit/jupiter/junit-jupiter-api/5.8.2/junit-jupiter-api-5.8.2.jar:/media/uwe/Daten/db/MVN_Repo/org/opentest4j/opentest4j/1.2.0/opentest4j-1.2.0.jar:/media/uwe/Daten/db/MVN_Repo/org/junit/platform/junit-platform-commons/1.8.2/junit-platform-commons-1.8.2.jar:/media/uwe/Daten/db/MVN_Repo/org/apiguardian/apiguardian-api/1.1.2/apiguardian-api-1.1.2.jar:/media/uwe/Daten/db/MVN_Repo/org/junit/jupiter/junit-jupiter-params/5.8.2/junit-jupiter-params-5.8.2.jar:/media/uwe/Daten/db/MVN_Repo/org/junit/jupiter/junit-jupiter-engine/5.8.2/junit-jupiter-engine-5.8.2.jar:/media/uwe/Daten/db/MVN_Repo/org/junit/platform/junit-platform-engine/1.8.2/junit-platform-engine-1.8.2.jar:/media/uwe/Daten/db/MVN_Repo/org/mockito/mockito-core/4.5.1/mockito-core-4.5.1.jar:/media/uwe/Daten/db/MVN_Repo/net/bytebuddy/byte-buddy-agent/1.12.18/byte-buddy-agent-1.12.18.jar:/media/uwe/Daten/db/MVN_Repo/org/objenesis/objenesis/3.2/objenesis-3.2.jar:/media/uwe/Daten/db/MVN_Repo/org/mockito/mockito-junit-jupiter/4.5.1/mockito-junit-jupiter-4.5.1.jar:/media/uwe/Daten/db/MVN_Repo/org/skyscreamer/jsonassert/1.5.1/jsonassert-1.5.1.jar:/media/uwe/Daten/db/MVN_Repo/com/vaadin/external/google/android-json/0.0.20131108.vaadin1/android-json-0.0.20131108.vaadin1.jar:/media/uwe/Daten/db/MVN_Repo/org/springframework/spring-core/5.3.23/spring-core-5.3.23.jar:/media/uwe/Daten/db/MVN_Repo/org/springframework/spring-jcl/5.3.23/spring-jcl-5.3.23.jar:/media/uwe/Daten/db/MVN_Repo/org/springframework/spring-test/5.3.23/spring-test-5.3.23.jar:/media/uwe/Daten/db/MVN_Repo/org/xmlunit/xmlunit-core/2.9.0/xmlunit-core-2.9.0.jar:/media/uwe/Daten/db/MVN_Repo/org/springframework/security/spring-security-test/5.7.4/spring-security-test-5.7.4.jar:/media/uwe/Daten/db/MVN_Repo/org/springframework/security/spring-security-core/5.7.4/spring-security-core-5.7.4.jar:/media/uwe/Daten/db/MVN_Repo/org/springframework/security/spring-security-crypto/5.7.4/spring-security-crypto-5.7.4.jar:"/>
    <property name="java.vm.vendor" value="Oracle Corporation"/>
    <property name="sun.arch.data.model" value="64"/>
    <property name="java.vendor.url" value="https://java.oracle.com/"/>
    <property name="os.name" value="Linux"/>
    <property name="java.vm.specification.version" value="17"/>
    <property name="sun.java.launcher" value="SUN_STANDARD"/>
    <property name="user.country" value="DE"/>
    <property name="sun.boot.library.path" value="/home/uwe/.sdkman/candidates/java/17.0.5-oracle/lib"/>
    <property name="sun.java.command" value="/media/uwe/Daten/Development/Tutorials/Spring/SpringSecurity/spring-security-tutorialspoint/project/target/surefire/surefirebooter2816504116820592854.jar /media/uwe/Daten/Development/Tutorials/Spring/SpringSecurity/spring-security-tutorialspoint/project/target/surefire 2022-10-21T18-28-18_913-jvmRun1 surefire14069238917741732390tmp surefire_03504251135325667176tmp"/>
    <property name="jdk.debug" value="release"/>
    <property name="surefire.test.class.path" value="/media/uwe/Daten/Development/Tutorials/Spring/SpringSecurity/spring-security-tutorialspoint/project/target/test-classes:/media/uwe/Daten/Development/Tutorials/Spring/SpringSecurity/spring-security-tutorialspoint/project/target/classes:/media/uwe/Daten/db/MVN_Repo/org/springframework/boot/spring-boot-starter-data-jpa/2.7.5/spring-boot-starter-data-jpa-2.7.5.jar:/media/uwe/Daten/db/MVN_Repo/org/springframework/boot/spring-boot-starter-aop/2.7.5/spring-boot-starter-aop-2.7.5.jar:/media/uwe/Daten/db/MVN_Repo/org/aspectj/aspectjweaver/1.9.7/aspectjweaver-1.9.7.jar:/media/uwe/Daten/db/MVN_Repo/org/springframework/boot/spring-boot-starter-jdbc/2.7.5/spring-boot-starter-jdbc-2.7.5.jar:/media/uwe/Daten/db/MVN_Repo/com/zaxxer/HikariCP/4.0.3/HikariCP-4.0.3.jar:/media/uwe/Daten/db/MVN_Repo/org/springframework/spring-jdbc/5.3.23/spring-jdbc-5.3.23.jar:/media/uwe/Daten/db/MVN_Repo/jakarta/transaction/jakarta.transaction-api/1.3.3/jakarta.transaction-api-1.3.3.jar:/media/uwe/Daten/db/MVN_Repo/jakarta/persistence/jakarta.persistence-api/2.2.3/jakarta.persistence-api-2.2.3.jar:/media/uwe/Daten/db/MVN_Repo/org/hibernate/hibernate-core/5.6.12.Final/hibernate-core-5.6.12.Final.jar:/media/uwe/Daten/db/MVN_Repo/org/jboss/logging/jboss-logging/3.4.3.Final/jboss-logging-3.4.3.Final.jar:/media/uwe/Daten/db/MVN_Repo/net/bytebuddy/byte-buddy/1.12.18/byte-buddy-1.12.18.jar:/media/uwe/Daten/db/MVN_Repo/antlr/antlr/2.7.7/antlr-2.7.7.jar:/media/uwe/Daten/db/MVN_Repo/org/jboss/jandex/2.4.2.Final/jandex-2.4.2.Final.jar:/media/uwe/Daten/db/MVN_Repo/com/fasterxml/classmate/1.5.1/classmate-1.5.1.jar:/media/uwe/Daten/db/MVN_Repo/org/hibernate/common/hibernate-commons-annotations/5.1.2.Final/hibernate-commons-annotations-5.1.2.Final.jar:/media/uwe/Daten/db/MVN_Repo/org/glassfish/jaxb/jaxb-runtime/2.3.7/jaxb-runtime-2.3.7.jar:/media/uwe/Daten/db/MVN_Repo/org/glassfish/jaxb/txw2/2.3.7/txw2-2.3.7.jar:/media/uwe/Daten/db/MVN_Repo/com/sun/istack/istack-commons-runtime/3.0.12/istack-commons-runtime-3.0.12.jar:/media/uwe/Daten/db/MVN_Repo/com/sun/activation/jakarta.activation/1.2.2/jakarta.activation-1.2.2.jar:/media/uwe/Daten/db/MVN_Repo/org/springframework/data/spring-data-jpa/2.7.5/spring-data-jpa-2.7.5.jar:/media/uwe/Daten/db/MVN_Repo/org/springframework/data/spring-data-commons/2.7.5/spring-data-commons-2.7.5.jar:/media/uwe/Daten/db/MVN_Repo/org/springframework/spring-orm/5.3.23/spring-orm-5.3.23.jar:/media/uwe/Daten/db/MVN_Repo/org/springframework/spring-context/5.3.23/spring-context-5.3.23.jar:/media/uwe/Daten/db/MVN_Repo/org/springframework/spring-tx/5.3.23/spring-tx-5.3.23.jar:/media/uwe/Daten/db/MVN_Repo/org/springframework/spring-beans/5.3.23/spring-beans-5.3.23.jar:/media/uwe/Daten/db/MVN_Repo/org/springframework/spring-aspects/5.3.23/spring-aspects-5.3.23.jar:/media/uwe/Daten/db/MVN_Repo/org/springframework/boot/spring-boot-starter-security/2.7.5/spring-boot-starter-security-2.7.5.jar:/media/uwe/Daten/db/MVN_Repo/org/springframework/boot/spring-boot-starter/2.7.5/spring-boot-starter-2.7.5.jar:/media/uwe/Daten/db/MVN_Repo/org/springframework/boot/spring-boot/2.7.5/spring-boot-2.7.5.jar:/media/uwe/Daten/db/MVN_Repo/org/springframework/boot/spring-boot-autoconfigure/2.7.5/spring-boot-autoconfigure-2.7.5.jar:/media/uwe/Daten/db/MVN_Repo/org/springframework/boot/spring-boot-starter-logging/2.7.5/spring-boot-starter-logging-2.7.5.jar:/media/uwe/Daten/db/MVN_Repo/ch/qos/logback/logback-classic/1.2.11/logback-classic-1.2.11.jar:/media/uwe/Daten/db/MVN_Repo/ch/qos/logback/logback-core/1.2.11/logback-core-1.2.11.jar:/media/uwe/Daten/db/MVN_Repo/org/apache/logging/log4j/log4j-to-slf4j/2.17.2/log4j-to-slf4j-2.17.2.jar:/media/uwe/Daten/db/MVN_Repo/org/apache/logging/log4j/log4j-api/2.17.2/log4j-api-2.17.2.jar:/media/uwe/Daten/db/MVN_Repo/org/slf4j/jul-to-slf4j/1.7.36/jul-to-slf4j-1.7.36.jar:/media/uwe/Daten/db/MVN_Repo/jakarta/annotation/jakarta.annotation-api/1.3.5/jakarta.annotation-api-1.3.5.jar:/media/uwe/Daten/db/MVN_Repo/org/yaml/snakeyaml/1.30/snakeyaml-1.30.jar:/media/uwe/Daten/db/MVN_Repo/org/springframework/spring-aop/5.3.23/spring-aop-5.3.23.jar:/media/uwe/Daten/db/MVN_Repo/org/springframework/security/spring-security-config/5.7.4/spring-security-config-5.7.4.jar:/media/uwe/Daten/db/MVN_Repo/org/springframework/security/spring-security-web/5.7.4/spring-security-web-5.7.4.jar:/media/uwe/Daten/db/MVN_Repo/org/springframework/spring-expression/5.3.23/spring-expression-5.3.23.jar:/media/uwe/Daten/db/MVN_Repo/org/springframework/boot/spring-boot-starter-thymeleaf/2.7.5/spring-boot-starter-thymeleaf-2.7.5.jar:/media/uwe/Daten/db/MVN_Repo/org/thymeleaf/thymeleaf-spring5/3.0.15.RELEASE/thymeleaf-spring5-3.0.15.RELEASE.jar:/media/uwe/Daten/db/MVN_Repo/org/thymeleaf/thymeleaf/3.0.15.RELEASE/thymeleaf-3.0.15.RELEASE.jar:/media/uwe/Daten/db/MVN_Repo/org/attoparser/attoparser/2.0.5.RELEASE/attoparser-2.0.5.RELEASE.jar:/media/uwe/Daten/db/MVN_Repo/org/unbescape/unbescape/1.1.6.RELEASE/unbescape-1.1.6.RELEASE.jar:/media/uwe/Daten/db/MVN_Repo/org/thymeleaf/extras/thymeleaf-extras-java8time/3.0.4.RELEASE/thymeleaf-extras-java8time-3.0.4.RELEASE.jar:/media/uwe/Daten/db/MVN_Repo/org/springframework/boot/spring-boot-starter-web/2.7.5/spring-boot-starter-web-2.7.5.jar:/media/uwe/Daten/db/MVN_Repo/org/springframework/boot/spring-boot-starter-json/2.7.5/spring-boot-starter-json-2.7.5.jar:/media/uwe/Daten/db/MVN_Repo/com/fasterxml/jackson/core/jackson-databind/2.13.4.2/jackson-databind-2.13.4.2.jar:/media/uwe/Daten/db/MVN_Repo/com/fasterxml/jackson/core/jackson-annotations/2.13.4/jackson-annotations-2.13.4.jar:/media/uwe/Daten/db/MVN_Repo/com/fasterxml/jackson/core/jackson-core/2.13.4/jackson-core-2.13.4.jar:/media/uwe/Daten/db/MVN_Repo/com/fasterxml/jackson/datatype/jackson-datatype-jdk8/2.13.4/jackson-datatype-jdk8-2.13.4.jar:/media/uwe/Daten/db/MVN_Repo/com/fasterxml/jackson/datatype/jackson-datatype-jsr310/2.13.4/jackson-datatype-jsr310-2.13.4.jar:/media/uwe/Daten/db/MVN_Repo/com/fasterxml/jackson/module/jackson-module-parameter-names/2.13.4/jackson-module-parameter-names-2.13.4.jar:/media/uwe/Daten/db/MVN_Repo/org/springframework/boot/spring-boot-starter-tomcat/2.7.5/spring-boot-starter-tomcat-2.7.5.jar:/media/uwe/Daten/db/MVN_Repo/org/apache/tomcat/embed/tomcat-embed-core/9.0.68/tomcat-embed-core-9.0.68.jar:/media/uwe/Daten/db/MVN_Repo/org/apache/tomcat/embed/tomcat-embed-el/9.0.68/tomcat-embed-el-9.0.68.jar:/media/uwe/Daten/db/MVN_Repo/org/apache/tomcat/embed/tomcat-embed-websocket/9.0.68/tomcat-embed-websocket-9.0.68.jar:/media/uwe/Daten/db/MVN_Repo/org/springframework/spring-web/5.3.23/spring-web-5.3.23.jar:/media/uwe/Daten/db/MVN_Repo/org/springframework/spring-webmvc/5.3.23/spring-webmvc-5.3.23.jar:/media/uwe/Daten/db/MVN_Repo/org/thymeleaf/extras/thymeleaf-extras-springsecurity5/3.0.4.RELEASE/thymeleaf-extras-springsecurity5-3.0.4.RELEASE.jar:/media/uwe/Daten/db/MVN_Repo/org/slf4j/slf4j-api/1.7.36/slf4j-api-1.7.36.jar:/media/uwe/Daten/db/MVN_Repo/com/mysql/mysql-connector-j/8.0.31/mysql-connector-j-8.0.31.jar:/media/uwe/Daten/db/MVN_Repo/org/springframework/boot/spring-boot-starter-test/2.7.5/spring-boot-starter-test-2.7.5.jar:/media/uwe/Daten/db/MVN_Repo/org/springframework/boot/spring-boot-test/2.7.5/spring-boot-test-2.7.5.jar:/media/uwe/Daten/db/MVN_Repo/org/springframework/boot/spring-boot-test-autoconfigure/2.7.5/spring-boot-test-autoconfigure-2.7.5.jar:/media/uwe/Daten/db/MVN_Repo/com/jayway/jsonpath/json-path/2.7.0/json-path-2.7.0.jar:/media/uwe/Daten/db/MVN_Repo/net/minidev/json-smart/2.4.8/json-smart-2.4.8.jar:/media/uwe/Daten/db/MVN_Repo/net/minidev/accessors-smart/2.4.8/accessors-smart-2.4.8.jar:/media/uwe/Daten/db/MVN_Repo/org/ow2/asm/asm/9.1/asm-9.1.jar:/media/uwe/Daten/db/MVN_Repo/jakarta/xml/bind/jakarta.xml.bind-api/2.3.3/jakarta.xml.bind-api-2.3.3.jar:/media/uwe/Daten/db/MVN_Repo/jakarta/activation/jakarta.activation-api/1.2.2/jakarta.activation-api-1.2.2.jar:/media/uwe/Daten/db/MVN_Repo/org/assertj/assertj-core/3.22.0/assertj-core-3.22.0.jar:/media/uwe/Daten/db/MVN_Repo/org/hamcrest/hamcrest/2.2/hamcrest-2.2.jar:/media/uwe/Daten/db/MVN_Repo/org/junit/jupiter/junit-jupiter/5.8.2/junit-jupiter-5.8.2.jar:/media/uwe/Daten/db/MVN_Repo/org/junit/jupiter/junit-jupiter-api/5.8.2/junit-jupiter-api-5.8.2.jar:/media/uwe/Daten/db/MVN_Repo/org/opentest4j/opentest4j/1.2.0/opentest4j-1.2.0.jar:/media/uwe/Daten/db/MVN_Repo/org/junit/platform/junit-platform-commons/1.8.2/junit-platform-commons-1.8.2.jar:/media/uwe/Daten/db/MVN_Repo/org/apiguardian/apiguardian-api/1.1.2/apiguardian-api-1.1.2.jar:/media/uwe/Daten/db/MVN_Repo/org/junit/jupiter/junit-jupiter-params/5.8.2/junit-jupiter-params-5.8.2.jar:/media/uwe/Daten/db/MVN_Repo/org/junit/jupiter/junit-jupiter-engine/5.8.2/junit-jupiter-engine-5.8.2.jar:/media/uwe/Daten/db/MVN_Repo/org/junit/platform/junit-platform-engine/1.8.2/junit-platform-engine-1.8.2.jar:/media/uwe/Daten/db/MVN_Repo/org/mockito/mockito-core/4.5.1/mockito-core-4.5.1.jar:/media/uwe/Daten/db/MVN_Repo/net/bytebuddy/byte-buddy-agent/1.12.18/byte-buddy-agent-1.12.18.jar:/media/uwe/Daten/db/MVN_Repo/org/objenesis/objenesis/3.2/objenesis-3.2.jar:/media/uwe/Daten/db/MVN_Repo/org/mockito/mockito-junit-jupiter/4.5.1/mockito-junit-jupiter-4.5.1.jar:/media/uwe/Daten/db/MVN_Repo/org/skyscreamer/jsonassert/1.5.1/jsonassert-1.5.1.jar:/media/uwe/Daten/db/MVN_Repo/com/vaadin/external/google/android-json/0.0.20131108.vaadin1/android-json-0.0.20131108.vaadin1.jar:/media/uwe/Daten/db/MVN_Repo/org/springframework/spring-core/5.3.23/spring-core-5.3.23.jar:/media/uwe/Daten/db/MVN_Repo/org/springframework/spring-jcl/5.3.23/spring-jcl-5.3.23.jar:/media/uwe/Daten/db/MVN_Repo/org/springframework/spring-test/5.3.23/spring-test-5.3.23.jar:/media/uwe/Daten/db/MVN_Repo/org/xmlunit/xmlunit-core/2.9.0/xmlunit-core-2.9.0.jar:/media/uwe/Daten/db/MVN_Repo/org/springframework/security/spring-security-test/5.7.4/spring-security-test-5.7.4.jar:/media/uwe/Daten/db/MVN_Repo/org/springframework/security/spring-security-core/5.7.4/spring-security-core-5.7.4.jar:/media/uwe/Daten/db/MVN_Repo/org/springframework/security/spring-security-crypto/5.7.4/spring-security-crypto-5.7.4.jar:"/>
    <property name="sun.cpu.endian" value="little"/>
    <property name="user.home" value="/home/uwe"/>
    <property name="user.language" value="de"/>
    <property name="java.specification.vendor" value="Oracle Corporation"/>
    <property name="java.version.date" value="2022-10-18"/>
    <property name="java.home" value="/home/uwe/.sdkman/candidates/java/17.0.5-oracle"/>
    <property name="file.separator" value="/"/>
    <property name="basedir" value="/media/uwe/Daten/Development/Tutorials/Spring/SpringSecurity/spring-security-tutorialspoint/project"/>
    <property name="java.vm.compressedOopsMode" value="Zero based"/>
    <property name="line.separator" value="&#10;"/>
    <property name="java.vm.specification.vendor" value="Oracle Corporation"/>
    <property name="java.specification.name" value="Java Platform API Specification"/>
    <property name="surefire.real.class.path" value="/media/uwe/Daten/Development/Tutorials/Spring/SpringSecurity/spring-security-tutorialspoint/project/target/surefire/surefirebooter2816504116820592854.jar"/>
    <property name="sun.management.compiler" value="HotSpot 64-Bit Tiered Compilers"/>
    <property name="java.runtime.version" value="17.0.5+9-LTS-191"/>
    <property name="user.name" value="uwe"/>
    <property name="path.separator" value=":"/>
    <property name="os.version" value="5.4.0-128-generic"/>
    <property name="java.runtime.name" value="Java(TM) SE Runtime Environment"/>
    <property name="file.encoding" value="UTF-8"/>
    <property name="java.vm.name" value="Java HotSpot(TM) 64-Bit Server VM"/>
    <property name="localRepository" value="/media/uwe/Daten/db/MVN_Repo"/>
    <property name="java.vendor.url.bug" value="https://bugreport.java.com/bugreport/"/>
    <property name="java.io.tmpdir" value="/tmp"/>
    <property name="idea.version" value="2022.2.3"/>
    <property name="java.version" value="17.0.5"/>
    <property name="user.dir" value="/media/uwe/Daten/Development/Tutorials/Spring/SpringSecurity/spring-security-tutorialspoint/project"/>
    <property name="os.arch" value="amd64"/>
    <property name="java.vm.specification.name" value="Java Virtual Machine Specification"/>
    <property name="native.encoding" value="UTF-8"/>
    <property name="java.library.path" value="/usr/java/packages/lib:/usr/lib64:/lib64:/lib:/usr/lib"/>
    <property name="java.vm.info" value="mixed mode, sharing"/>
    <property name="java.vendor" value="Oracle Corporation"/>
    <property name="java.vm.version" value="17.0.5+9-LTS-191"/>
    <property name="sun.io.unicode.encoding" value="UnicodeLittle"/>
    <property name="java.class.version" value="61.0"/>
  </properties>
  <testcase name="contextLoads" classname="com.uwefuchs.demo.spring.security.tutorialspoint.formlogin.FormloginApplicationTests" time="0.232"/>
</testsuite>